<?xml version="1.0" encoding="UTF-8"?>
<testsuite xmlns:xsi="http://www.w3.org/2001/XMLSchema-instance" xsi:noNamespaceSchemaLocation="https://maven.apache.org/surefire/maven-surefire-plugin/xsd/surefire-test-report-3.0.xsd" version="3.0" name="net.myphenotype.microservices.Team.TeamApplicationTests" time="7.975" tests="1" errors="0" skipped="0" failures="0">
  <properties>
[...]
</properties>
  <testcase name="contextLoads" classname="net.myphenotype.microservices.Team.TeamApplicationTests" time="0.558">
    <system-out><![CDATA[23:14:48.164 [main] INFO org.springframework.test.context.support.AnnotationConfigContextLoaderUtils -- Could not detect default configuration classes for test class [net.myphenotype.microservices.Team.TeamApplicationTests]: TeamApplicationTests does not declare any static, non-private, non-final, nested classes annotated with @Configuration.
23:14:48.266 [main] INFO org.springframework.boot.test.context.SpringBootTestContextBootstrapper -- Found @SpringBootConfiguration net.myphenotype.microservices.Team.TeamApplication for test class net.myphenotype.microservices.Team.TeamApplicationTests

  .   ____          _            __ _ _
 /\\ / ___'_ __ _ _(_)_ __  __ _ \ \ \ \
( ( )\___ | '_ | '_| | '_ \/ _` | \ \ \ \
 \\/  ___)| |_)| | | | | || (_| |  ) ) ) )
  '  |____| .__|_| |_|_| |_\__, | / / / /
 =========|_|==============|___/=/_/_/_/
 :: Spring Boot ::                (v3.2.4)

2024-04-11T23:14:51.313+05:30  INFO 26088 --- [application] [           main] n.m.m.Team.TeamApplicationTests          : Starting TeamApplicationTests using Java 17.0.1 with PID 26088 (started by vijay in C:\Dev\BasicsOfSpringBoot\3. With Cloud Config Server and Docker\Team)
2024-04-11T23:14:51.315+05:30  INFO 26088 --- [application] [           main] n.m.m.Team.TeamApplicationTests          : The following 1 profile is active: "team"
2024-04-11T23:14:51.342+05:30  INFO 26088 --- [application] [           main] o.s.c.c.c.ConfigServerConfigDataLoader   : Fetching config from server at : http://localhost:8071/
2024-04-11T23:14:51.342+05:30  INFO 26088 --- [application] [           main] o.s.c.c.c.ConfigServerConfigDataLoader   : Located environment: name=application, profiles=[default], label=null, version=6acc8d757e2706cedf481d425aed75d6136ef397, state=null
2024-04-11T23:14:51.342+05:30  INFO 26088 --- [application] [           main] o.s.c.c.c.ConfigServerConfigDataLoader   : Fetching config from server at : http://localhost:8071/
2024-04-11T23:14:51.342+05:30  INFO 26088 --- [application] [           main] o.s.c.c.c.ConfigServerConfigDataLoader   : Located environment: name=application, profiles=[team], label=null, version=6acc8d757e2706cedf481d425aed75d6136ef397, state=null
2024-04-11T23:14:52.053+05:30  INFO 26088 --- [application] [           main] .s.d.r.c.RepositoryConfigurationDelegate : Bootstrapping Spring Data JPA repositories in DEFAULT mode.
2024-04-11T23:14:52.118+05:30  INFO 26088 --- [application] [           main] .s.d.r.c.RepositoryConfigurationDelegate : Finished Spring Data repository scanning in 53 ms. Found 1 JPA repository interface.
2024-04-11T23:14:52.329+05:30  INFO 26088 --- [application] [           main] o.s.cloud.context.scope.GenericScope     : BeanFactory id=be013406-acb2-3bd2-ab81-c46f04ac9b68
2024-04-11T23:14:52.629+05:30  INFO 26088 --- [application] [           main] o.hibernate.jpa.internal.util.LogHelper  : HHH000204: Processing PersistenceUnitInfo [name: default]
2024-04-11T23:14:52.715+05:30  INFO 26088 --- [application] [           main] org.hibernate.Version                    : HHH000412: Hibernate ORM core version 6.4.4.Final
2024-04-11T23:14:52.766+05:30  INFO 26088 --- [application] [           main] o.h.c.internal.RegionFactoryInitiator    : HHH000026: Second-level cache disabled
2024-04-11T23:14:53.133+05:30  INFO 26088 --- [application] [           main] o.s.o.j.p.SpringPersistenceUnitInfo      : No LoadTimeWeaver setup: ignoring JPA class transformer
2024-04-11T23:14:53.172+05:30  INFO 26088 --- [application] [           main] com.zaxxer.hikari.HikariDataSource       : HikariPool-1 - Starting...
2024-04-11T23:14:53.397+05:30  INFO 26088 --- [application] [           main] com.zaxxer.hikari.pool.HikariPool        : HikariPool-1 - Added connection conn0: url=jdbc:h2:file:~/cricketTeamdb user=H2
2024-04-11T23:14:53.398+05:30  INFO 26088 --- [application] [           main] com.zaxxer.hikari.HikariDataSource       : HikariPool-1 - Start completed.
2024-04-11T23:14:54.283+05:30  INFO 26088 --- [application] [           main] o.h.e.t.j.p.i.JtaPlatformInitiator       : HHH000489: No JTA platform available (set 'hibernate.transaction.jta.platform' to enable JTA platform integration)
2024-04-11T23:14:54.321+05:30  INFO 26088 --- [application] [           main] j.LocalContainerEntityManagerFactoryBean : Initialized JPA EntityManagerFactory for persistence unit 'default'
2024-04-11T23:14:54.764+05:30  WARN 26088 --- [application] [           main] JpaBaseConfiguration$JpaWebConfiguration : spring.jpa.open-in-view is enabled by default. Therefore, database queries may be performed during view rendering. Explicitly configure spring.jpa.open-in-view to disable this warning
2024-04-11T23:14:55.153+05:30  INFO 26088 --- [application] [           main] o.s.b.a.h2.H2ConsoleAutoConfiguration    : H2 console available at '/h2-console'. Database available at 'jdbc:h2:file:~/cricketTeamdb'
2024-04-11T23:14:55.393+05:30  INFO 26088 --- [application] [           main] n.m.m.Team.TeamApplicationTests          : Started TeamApplicationTests in 6.956 seconds (process running for 7.923)
]]></system-out>
  </testcase>
</testsuite>